[M::bwa_idx_load_from_disk] read 0 ALT contigs
[M::process] read 120118 sequences (10000155 bp)...
[M::process] read 122228 sequences (10000115 bp)...
[M::mem_pestat] # candidate unique pairs for (FF, FR, RF, RR): (13, 57160, 0, 31)
[M::mem_pestat] analyzing insert size distribution for orientation FF...
[M::mem_pestat] (25, 50, 75) percentile: (94, 121, 1550)
[M::mem_pestat] low and high boundaries for computing mean and std.dev: (1, 4462)
[M::mem_pestat] mean and std.dev: (518.31, 712.93)
[M::mem_pestat] low and high boundaries for proper pairs: (1, 5918)
[M::mem_pestat] analyzing insert size distribution for orientation FR...
[M::mem_pestat] (25, 50, 75) percentile: (144, 183, 228)
[M::mem_pestat] low and high boundaries for computing mean and std.dev: (1, 396)
[M::mem_pestat] mean and std.dev: (187.53, 62.75)
[M::mem_pestat] low and high boundaries for proper pairs: (1, 480)
[M::mem_pestat] skip orientation RF as there are not enough pairs
[M::mem_pestat] analyzing insert size distribution for orientation RR...
[M::mem_pestat] (25, 50, 75) percentile: (90, 142, 223)
[M::mem_pestat] low and high boundaries for computing mean and std.dev: (1, 489)
[M::mem_pestat] mean and std.dev: (125.60, 60.04)
[M::mem_pestat] low and high boundaries for proper pairs: (1, 622)
[M::mem_pestat] skip orientation FF
[M::mem_pestat] skip orientation RR
[M::mem_process_seqs] Processed 120118 reads in 4.005 CPU sec, 2.281 real sec
[M::process] read 121312 sequences (10000140 bp)...
[M::mem_pestat] # candidate unique pairs for (FF, FR, RF, RR): (15, 58130, 0, 18)
[M::mem_pestat] analyzing insert size distribution for orientation FF...
[M::mem_pestat] (25, 50, 75) percentile: (71, 128, 183)
[M::mem_pestat] low and high boundaries for computing mean and std.dev: (1, 407)
[M::mem_pestat] mean and std.dev: (117.86, 58.11)
[M::mem_pestat] low and high boundaries for proper pairs: (1, 519)
[M::mem_pestat] analyzing insert size distribution for orientation FR...
[M::mem_pestat] (25, 50, 75) percentile: (143, 182, 227)
[M::mem_pestat] low and high boundaries for computing mean and std.dev: (1, 395)
[M::mem_pestat] mean and std.dev: (186.72, 62.62)
[M::mem_pestat] low and high boundaries for proper pairs: (1, 479)
[M::mem_pestat] skip orientation RF as there are not enough pairs
[M::mem_pestat] analyzing insert size distribution for orientation RR...
[M::mem_pestat] (25, 50, 75) percentile: (88, 125, 241)
[M::mem_pestat] low and high boundaries for computing mean and std.dev: (1, 547)
[M::mem_pestat] mean and std.dev: (142.67, 105.77)
[M::mem_pestat] low and high boundaries for proper pairs: (1, 700)
[M::mem_pestat] skip orientation FF
[M::mem_pestat] skip orientation RR
[M::mem_process_seqs] Processed 122228 reads in 4.552 CPU sec, 4.368 real sec
[M::process] read 117374 sequences (10000180 bp)...
[M::mem_pestat] # candidate unique pairs for (FF, FR, RF, RR): (15, 57795, 0, 16)
[M::mem_pestat] analyzing insert size distribution for orientation FF...
[M::mem_pestat] (25, 50, 75) percentile: (84, 94, 135)
[M::mem_pestat] low and high boundaries for computing mean and std.dev: (1, 237)
[M::mem_pestat] mean and std.dev: (107.67, 45.82)
[M::mem_pestat] low and high boundaries for proper pairs: (1, 291)
[M::mem_pestat] analyzing insert size distribution for orientation FR...
[M::mem_pestat] (25, 50, 75) percentile: (143, 182, 228)
[M::mem_pestat] low and high boundaries for computing mean and std.dev: (1, 398)
[M::mem_pestat] mean and std.dev: (186.63, 62.77)
[M::mem_pestat] low and high boundaries for proper pairs: (1, 483)
[M::mem_pestat] skip orientation RF as there are not enough pairs
[M::mem_pestat] analyzing insert size distribution for orientation RR...
[M::mem_pestat] (25, 50, 75) percentile: (83, 124, 1006)
[M::mem_pestat] low and high boundaries for computing mean and std.dev: (1, 2852)
[M::mem_pestat] mean and std.dev: (492.31, 703.72)
[M::mem_pestat] low and high boundaries for proper pairs: (1, 3775)
[M::mem_pestat] skip orientation FF
[M::mem_pestat] skip orientation RR
[M::mem_process_seqs] Processed 121312 reads in 4.527 CPU sec, 4.244 real sec
[M::process] read 120952 sequences (10000056 bp)...
[M::mem_pestat] # candidate unique pairs for (FF, FR, RF, RR): (16, 55920, 1, 21)
[M::mem_pestat] analyzing insert size distribution for orientation FF...
[M::mem_pestat] (25, 50, 75) percentile: (73, 123, 169)
[M::mem_pestat] low and high boundaries for computing mean and std.dev: (1, 361)
[M::mem_pestat] mean and std.dev: (112.87, 52.59)
[M::mem_pestat] low and high boundaries for proper pairs: (1, 457)
[M::mem_pestat] analyzing insert size distribution for orientation FR...
[M::mem_pestat] (25, 50, 75) percentile: (143, 182, 227)
[M::mem_pestat] low and high boundaries for computing mean and std.dev: (1, 395)
[M::mem_pestat] mean and std.dev: (186.56, 62.38)
[M::mem_pestat] low and high boundaries for proper pairs: (1, 479)
[M::mem_pestat] skip orientation RF as there are not enough pairs
[M::mem_pestat] analyzing insert size distribution for orientation RR...
[M::mem_pestat] (25, 50, 75) percentile: (82, 125, 186)
[M::mem_pestat] low and high boundaries for computing mean and std.dev: (1, 394)
[M::mem_pestat] mean and std.dev: (122.40, 55.05)
[M::mem_pestat] low and high boundaries for proper pairs: (1, 498)
[M::mem_pestat] skip orientation FF
[M::mem_pestat] skip orientation RR
[M::mem_process_seqs] Processed 117374 reads in 3.971 CPU sec, 3.813 real sec
[M::process] read 115578 sequences (10000091 bp)...
[M::mem_pestat] # candidate unique pairs for (FF, FR, RF, RR): (21, 57201, 0, 21)
[M::mem_pestat] analyzing insert size distribution for orientation FF...
[M::mem_pestat] (25, 50, 75) percentile: (67, 117, 171)
[M::mem_pestat] low and high boundaries for computing mean and std.dev: (1, 379)
[M::mem_pestat] mean and std.dev: (106.63, 49.28)
[M::mem_pestat] low and high boundaries for proper pairs: (1, 483)
[M::mem_pestat] analyzing insert size distribution for orientation FR...
[M::mem_pestat] (25, 50, 75) percentile: (143, 181, 227)
[M::mem_pestat] low and high boundaries for computing mean and std.dev: (1, 395)
[M::mem_pestat] mean and std.dev: (186.33, 62.44)
[M::mem_pestat] low and high boundaries for proper pairs: (1, 479)
[M::mem_pestat] skip orientation RF as there are not enough pairs
[M::mem_pestat] analyzing insert size distribution for orientation RR...
[M::mem_pestat] (25, 50, 75) percentile: (52, 89, 130)
[M::mem_pestat] low and high boundaries for computing mean and std.dev: (1, 286)
[M::mem_pestat] mean and std.dev: (100.65, 69.01)
[M::mem_pestat] low and high boundaries for proper pairs: (1, 377)
[M::mem_pestat] skip orientation FF
[M::mem_pestat] skip orientation RR
[M::mem_process_seqs] Processed 120952 reads in 4.063 CPU sec, 3.893 real sec
[M::process] read 35118 sequences (2950464 bp)...
[M::mem_pestat] # candidate unique pairs for (FF, FR, RF, RR): (16, 55121, 0, 18)
[M::mem_pestat] analyzing insert size distribution for orientation FF...
[M::mem_pestat] (25, 50, 75) percentile: (68, 84, 180)
[M::mem_pestat] low and high boundaries for computing mean and std.dev: (1, 404)
[M::mem_pestat] mean and std.dev: (101.60, 56.34)
[M::mem_pestat] low and high boundaries for proper pairs: (1, 516)
[M::mem_pestat] analyzing insert size distribution for orientation FR...
[M::mem_pestat] (25, 50, 75) percentile: (144, 183, 229)
[M::mem_pestat] low and high boundaries for computing mean and std.dev: (1, 399)
[M::mem_pestat] mean and std.dev: (188.15, 63.27)
[M::mem_pestat] low and high boundaries for proper pairs: (1, 484)
[M::mem_pestat] skip orientation RF as there are not enough pairs
[M::mem_pestat] analyzing insert size distribution for orientation RR...
[M::mem_pestat] (25, 50, 75) percentile: (81, 139, 168)
[M::mem_pestat] low and high boundaries for computing mean and std.dev: (1, 342)
[M::mem_pestat] mean and std.dev: (126.35, 63.39)
[M::mem_pestat] low and high boundaries for proper pairs: (1, 429)
[M::mem_pestat] skip orientation FF
[M::mem_pestat] skip orientation RR
[M::mem_process_seqs] Processed 115578 reads in 3.882 CPU sec, 3.855 real sec
[M::mem_pestat] # candidate unique pairs for (FF, FR, RF, RR): (3, 16605, 0, 5)
[M::mem_pestat] skip orientation FF as there are not enough pairs
[M::mem_pestat] analyzing insert size distribution for orientation FR...
[M::mem_pestat] (25, 50, 75) percentile: (141, 178, 222)
[M::mem_pestat] low and high boundaries for computing mean and std.dev: (1, 384)
[M::mem_pestat] mean and std.dev: (182.91, 60.40)
[M::mem_pestat] low and high boundaries for proper pairs: (1, 465)
[M::mem_pestat] skip orientation RF as there are not enough pairs
[M::mem_pestat] skip orientation RR as there are not enough pairs
[M::mem_process_seqs] Processed 35118 reads in 1.121 CPU sec, 1.059 real sec
[main] Version: 0.7.19-r1273
[main] CMD: bwa mem raw_data/GCF_000005845.2_ASM584v2_genomic.fna.gz results/trimmomatic_strictly_trimmed/amp_res_strictly_1P.fastq.gz results/trimmomatic_strictly_trimmed/amp_res_strictly_2P.fastq.gz
[main] Real time: 24.679 sec; CPU: 27.154 sec
