--2025-11-11 13:51:25--  https://ftp.ncbi.nlm.nih.gov/genomes/all/GCF/000/005/845/GCF_000005845.2_ASM584v2/GCF_000005845.2_ASM584v2_genomic.gbff.gz
Resolving ftp.ncbi.nlm.nih.gov (ftp.ncbi.nlm.nih.gov)... 130.14.250.7, 130.14.250.11, 130.14.250.12, ...
Connecting to ftp.ncbi.nlm.nih.gov (ftp.ncbi.nlm.nih.gov)|130.14.250.7|:443... connected.
HTTP request sent, awaiting response... 200 OK
Length: 3423598 (3.3M) [application/x-gzip]
Saving to: ‘results/snpEff/data/k12/GCF_000005845.2_ASM584v2_genomic.gbff.gz’

     0K .......... .......... .......... .......... ..........  1%  250K 13s
    50K .......... .......... .......... .......... ..........  2%  476K 10s
   100K .......... .......... .......... .......... ..........  4% 15.6M 7s
   150K .......... .......... .......... .......... ..........  5%  238K 8s
   200K .......... .......... .......... .......... ..........  7% 2.93M 7s
   250K .......... .......... .......... .......... ..........  8%  120K 10s
   300K .......... .......... .......... .......... .......... 10%  108M 8s
   350K .......... .......... .......... .......... .......... 11%  378K 8s
   400K .......... .......... .......... .......... .......... 13% 16.8M 7s
   450K .......... .......... .......... .......... .......... 14%  489K 7s
   500K .......... .......... .......... .......... .......... 16%  564K 7s
   550K .......... .......... .......... .......... .......... 17% 4.29M 6s
   600K .......... .......... .......... .......... .......... 19%  548K 6s
   650K .......... .......... .......... .......... .......... 20% 3.61M 5s
   700K .......... .......... .......... .......... .......... 22%  527K 5s
   750K .......... .......... .......... .......... .......... 23%  233K 5s
   800K .......... .......... .......... .......... .......... 25% 23.6M 5s
   850K .......... .......... .......... .......... .......... 26%  151K 6s
   900K .......... .......... .......... .......... .......... 28%  240M 5s
   950K .......... .......... .......... .......... .......... 29%  509K 5s
  1000K .......... .......... .......... .......... .......... 31%  549K 5s
  1050K .......... .......... .......... .......... .......... 32% 4.15M 5s
  1100K .......... .......... .......... .......... .......... 34%  519K 4s
  1150K .......... .......... .......... .......... .......... 35%  535K 4s
  1200K .......... .......... .......... .......... .......... 37%  543K 4s
  1250K .......... .......... .......... .......... .......... 38% 1.49M 4s
  1300K .......... .......... .......... .......... .......... 40%  714K 4s
  1350K .......... .......... .......... .......... .......... 41%  537K 4s
  1400K .......... .......... .......... .......... .......... 43%  581K 4s
  1450K .......... .......... .......... .......... .......... 44% 1.67M 3s
  1500K .......... .......... .......... .......... .......... 46%  622K 3s
  1550K .......... .......... .......... .......... .......... 47%  507K 3s
  1600K .......... .......... .......... .......... .......... 49%  740K 3s
  1650K .......... .......... .......... .......... .......... 50%  944K 3s
  1700K .......... .......... .......... .......... .......... 52%  529K 3s
  1750K .......... .......... .......... .......... .......... 53% 1.11M 3s
  1800K .......... .......... .......... .......... .......... 55%  889K 3s
  1850K .......... .......... .......... .......... .......... 56%  558K 3s
  1900K .......... .......... .......... .......... .......... 58% 1.05M 2s
  1950K .......... .......... .......... .......... .......... 59%  790K 2s
  2000K .......... .......... .......... .......... .......... 61%  572K 2s
  2050K .......... .......... .......... .......... .......... 62% 1.13M 2s
  2100K .......... .......... .......... .......... .......... 64%  758K 2s
  2150K .......... .......... .......... .......... .......... 65%  690K 2s
  2200K .......... .......... .......... .......... .......... 67%  756K 2s
  2250K .......... .......... .......... .......... .......... 68% 1.02M 2s
  2300K .......... .......... .......... .......... .......... 70%  665K 2s
  2350K .......... .......... .......... .......... .......... 71% 1.25M 2s
  2400K .......... .......... .......... .......... .......... 73%  646K 1s
  2450K .......... .......... .......... .......... .......... 74%  599K 1s
  2500K .......... .......... .......... .......... .......... 76% 1.73M 1s
  2550K .......... .......... .......... .......... .......... 77%  602K 1s
  2600K .......... .......... .......... .......... .......... 79%  615K 1s
  2650K .......... .......... .......... .......... .......... 80% 2.13M 1s
  2700K .......... .......... .......... .......... .......... 82%  574K 1s
  2750K .......... .......... .......... .......... .......... 83%  685K 1s
  2800K .......... .......... .......... .......... .......... 85% 1.41M 1s
  2850K .......... .......... .......... .......... .......... 86%  597K 1s
  2900K .......... .......... .......... .......... .......... 88%  703K 1s
  2950K .......... .......... .......... .......... .......... 89% 1.33M 1s
  3000K .......... .......... .......... .......... .......... 91%  605K 0s
  3050K .......... .......... .......... .......... .......... 92% 2.55M 0s
  3100K .......... .......... .......... .......... .......... 94%  568K 0s
  3150K .......... .......... .......... .......... .......... 95%  607K 0s
  3200K .......... .......... .......... .......... .......... 97% 2.33M 0s
  3250K .......... .......... .......... .......... .......... 98%  594K 0s
  3300K .......... .......... .......... .......... ...       100% 1.70M=5.2s

2025-11-11 13:51:32 (644 KB/s) - ‘results/snpEff/data/k12/GCF_000005845.2_ASM584v2_genomic.gbff.gz’ saved [3423598/3423598]

