00:00:00 SnpEff version SnpEff 5.3a (build 2025-09-02 10:24), by Pablo Cingolani
00:00:00 Command: 'build'
00:00:00 Building database for 'k12'
00:00:00 Reading configuration file 'results/snpEff/snpEff.config'. Genome: 'k12'
00:00:00 Looking for config file: '/home/nmmak/01_prac_ampicillin_resistance/results/snpEff/snpEff.config'
00:00:00 Reading config file: /home/nmmak/01_prac_ampicillin_resistance/results/snpEff/snpEff.config
00:00:00 done
00:00:00 Chromosome: 'NC_000913.3'	length: 4641652
00:00:00 Create exons from CDS (if needed): 
....................................................................................................................................................................................................................................................................................................................................................................................................................................................................................................................................................................................................................................................................................................................................................................................................................................................................................................................................................................................................................................................................................................................................................................................................................................................................................................................................................................................................................................................................................................................................................................................................................................................................................................................................................................................................................................................................................................................................................................................................................................................................................................................................................................................................................................................................................................................................................................................................................................................................................................................................................................................................................................................................................................................................................................................................................................................................................................................................................................................................................................................................................................................................................................................................................................................................................................................................................................................................................................................................................................................................................................................................................................................................................................................................................................................................................................................................................................................................................................................................................................................................................................................................................................................................................................................................................................................................................................................................................................................................................................................00:00:00 Exons created for 4318 transcripts.
00:00:00 Deleting redundant exons (if needed): 
00:00:00 	Total transcripts with deleted exons: 0
00:00:00 Collapsing zero length introns (if needed): 
.
		0	00:00:01 	Total collapsed transcripts: 1
00:00:01 		Adding genomic sequences to genes: 
00:00:01 	Done (3796 sequences added).
00:00:01 		Adding genomic sequences to exons: 
00:00:01 	Done (4339 sequences added, 0 ignored).
00:00:01 Finishing up genome
00:00:01 Adjusting transcripts: 
00:00:01 Adjusting genes: 
.00:00:01 Adjusting chromosomes lengths: 
00:00:01 Ranking exons: 
00:00:01 Create UTRs from CDS (if needed): 
00:00:01 Remove empty chromosomes: 
00:00:01 Marking as 'coding' from CDS information: 
00:00:01 Done: 18 transcripts marked
00:00:01 
00:00:01 Caracterizing exons by splicing (stage 1) : 
	....
00:00:01 Caracterizing exons by splicing (stage 2) : 
	....00:00:01 done.
00:00:01 [Optional] Rare amino acid annotations
WARNING_FILE_NOT_FOUND: Rare Amino Acid analysis: Cannot read protein sequence file '/home/nmmak/01_prac_ampicillin_resistance/results/snpEff/./data/k12/protein.fa', nothing done.
00:00:01 CDS check: GenBank file format, skipping

00:00:01 Protein check file: '/home/nmmak/01_prac_ampicillin_resistance/results/snpEff/./data/k12/genes.gbk'

00:00:01 Checking database using protein sequences
00:00:01 Comparing Proteins...
	Labels:
		'+' : OK
		'.' : Missing
		'*' : Error
	+++++++++++++++++++++++++++++++++++++++++++++++++++++++++++++++++++++++++++++++++++++++++++++++++++
	++++++++++++++++++++++++++++++++++++++++++++++++++++++++++++++++++++++++++++++++++++++++++++++++++++
	++++++++++++++++++++++++++++++++++++++++++++++++++++++++++++++++++++++++++++++++++++++++++++++++++++
	++++++++++++++++++++++++++++++++++++++++++++++++++++++++++++++++++++++++++++++++++++++++++++++++++++
	++++++++++++++++++++++++++++++++++++++++++++++++++++++++++++++++++++++++++++++++++++++++++++++++++++
	++++++++++++++++++++++++++++++++++++++++++++++++++++++++++++++++++++++++++++++++++++++++++++++++++++
	++++++++++++++++++++++++++++++++++++++++++++++++++++++++++++++++++++++++++++++++++++++++++++++++++++
	++++++++++++++++++++++++++++++++++++++++++++++++++++++++++++++++++++++++++++++++++++++++++++++++++++
	++++++++++++++++++++++++++++++++++++++++++++++++++++++++++++++++++++++++++++++++++++++++++++++++++++
	++++++++++++++++++++++++++++++++++++++++++++++++++++++++++++++++++++++++++++++++++++++++++++++++++++
	++++++++++++++++++++++++++++++++++++++++++++++++++++++++++++++++++++++++++++++++++++++++++++++++++++
	+++++++++++++++++++++++++++++++++.++++++++++++++++++++++++++++++++++++++++++++++++++++++++++++++++++
	+++++++++++++++++++++++++++++++++++++++++++++++++++++++++++++++++++++.++++++++++++++++++++++++++++++
	++++++++++++++++++++++++++++++++++++++++++++++++++++++++++++++++++++++++++++++++++++++++++++++++++++
	++++++++++++++++++++++++++++++++++++++++++++++++++++++++++++++++++++++++++++++++++++++++++++++++++++
	++++++++++++++++++++++++++++++++++++++++++++++++++++++++++++++++++++++++++++++++++++++++++++++++++++
	++++++++++++++++++++++++++++++++++++++++++++++++++++++++++++++++++++++++++++++++++++++++++++++++++++
	+++++++++++++++++++.++++++++++++++++++++++++++++++++++++++++++++++++++++++++++++++++++++++++++++++++
	++++++++++++++++++++++++++++++++++++++++++++++++++++++++++++++++++++++++++++++++++++++++++++++++++++
	++++++++++++++++++++++++++++++++++++++++++++++++++++++++++++++++++++++++++++++++++++++++++++++++++++
	++++++++++++++++++++++++++++++++++++++++++++++++++++++++++++++++++++++++++++++++++++++++++++++++++++
	++++++++++++++++++++++++++++++++++++++++++++++++++++++++++++++++++++++++++++++++++++++++++++++++++++
	++++++++++++++++++++++++++++++++++++++++++++++++++++++++++++++++++++++++++++++++++++++++++++++++++++
	++++++++++++++++++++++++++++++++++++++++++++++++++++++++++++++++++++++++++++++++++++++++++++++++++++
	++++++++++++++++++++++++++++++++++++++++++++++++++++++++++++++++++++++++++++++++++++++++++++++++++++
	++++++++++++++++++++++++++++++++++++++++++++++++++++++++++++++++++++++++++++++++++++++++++++++++++++
	++++++++++++++++++++++++++++++++++++++++++++++++++++++++++++++++++++++++++++++++++++++++++++++++++++
	++++++++++++++++++++++++++++++++++++++++++++++++++++++++++++++++++++++++++++++++++++++++++++++++++++
	+++++++++++++++++++++++++++++++++++++++++++++++++++++++++++++++++++++..+++++++++.+++++++++++++++++++
	+++++++++++++++++++++++++++++++++++++++++++++++++++++++++++++++++++++++++++++++++++++++++++++++++++.
	+.++++...+++++++++++++++++++.+++++++++++++++++++++++++++++++++++++++++++++++++++++++++++++++++++++++
	+++++++++++++++++++++++++++++++++++++++++++++++++++++++++++++++++++.++++++++++++++++++++++++++++++++
	++++++++++++++++++++++++++++++++++++++++++++++++++++++++++++++++++++++++++++++++++++++++++++++++++++
	++++++++++++++++++++++++++++++++++++++++++++++++++++++++++++++++++++++++++++++++++++++++++++++++++++
	++++++++++++++++++++++++++++++++++++++++++++++++++++++++++++++++++++++++++++++++++++++++++++++++++++
	++++++++++++++++++++++++++++++++++++++++++++++++++++++++++++++++++++++++++++++++++++++++++++++++++++
	++++++++++++++++++++++++++++++++++++++++++++++++++++++++++++++++++++++++++++++++++++++++++++++++++++
	++++++++++++++++++++++++++++++++++++++++++++++++++++++++++++++++++++++++++++++++++++++++++++++++++++
	++++.+++++++++++++++++++.+++++++++++++++++++++++++++++++++++++++++++++++++++++++++++++++++++++++++++
	++++++++++++++++++++++++++++++++++++++++++++++++++++++++.+++++++.+++++++++++++++++++++++++++++++++++
	+++++++++++++++++++++++++++++++++++++++++++.++++++++++++++++++++++++++++++++++++++++++++++++++++++++
	++++++++++++++++++++++++++++++++++++++++++++++++++++++++++++++++++++++++++++++++++++++++++++++++++++
	++++++++++++++++++++++++++++++++++++++++++++++++++++++++++++++++++++++++++++++++++++++++++++++++++++
	+++++++++++++++++++00:00:01 

	Protein check:	k12	OK: 4300	Not found: 18	Errors: 0	Error percentage: 0.0%
00:00:01 Saving database
00:00:02 Saving sequences for chromosome 'NC_000913.3' to file '/home/nmmak/01_prac_ampicillin_resistance/results/snpEff/./data/k12/sequence.NC_000913.3.bin'
00:00:03 [Optional] Reading regulation elements: GFF
WARNING_FILE_NOT_FOUND: Cannot read optional regulation file '/home/nmmak/01_prac_ampicillin_resistance/results/snpEff/./data/k12/regulation.gff', nothing done.
00:00:03 [Optional] Reading regulation elements: BED 
00:00:03 Cannot find optional regulation dir '/home/nmmak/01_prac_ampicillin_resistance/results/snpEff/./data/k12/regulation.bed/', nothing done.
00:00:03 [Optional] Reading motifs: GFF
WARNING_FILE_NOT_FOUND: Cannot open PWMs file /home/nmmak/01_prac_ampicillin_resistance/results/snpEff/./data/k12/pwms.bin. Nothing done
00:00:03 Done
00:00:03 Done.
