/home/nmmak/miniforge3/envs/bioinf/bin/varscan: line 6: warning: setlocale: LC_ALL: cannot change locale (en_US.UTF-8): No such file or directory
Only SNPs will be reported
Warning: No p-value threshold provided, so p-values will not be calculated
Min coverage:	8
Min reads2:	2
Min var freq:	0.7
Min avg qual:	15
P-value thresh:	0.01
Reading input from results/variant_calling/aln_fastp.mpileup
4641325 bases in pileup file
9 variant positions (6 SNP, 3 indel)
0 were failed by the strand-filter
6 variant positions reported (6 SNP, 0 indel)
/home/nmmak/miniforge3/envs/bioinf/bin/varscan: line 6: warning: setlocale: LC_ALL: cannot change locale (en_US.UTF-8): No such file or directory
Only SNPs will be reported
Warning: No p-value threshold provided, so p-values will not be calculated
Min coverage:	8
Min reads2:	2
Min var freq:	0.7
Min avg qual:	15
P-value thresh:	0.01
Reading input from results/variant_calling/aln_trimmomatic_strictly_trimmed.mpileup
4640996 bases in pileup file
8 variant positions (6 SNP, 2 indel)
0 were failed by the strand-filter
6 variant positions reported (6 SNP, 0 indel)
/home/nmmak/miniforge3/envs/bioinf/bin/varscan: line 6: warning: setlocale: LC_ALL: cannot change locale (en_US.UTF-8): No such file or directory
Only SNPs will be reported
Warning: No p-value threshold provided, so p-values will not be calculated
Min coverage:	8
Min reads2:	2
Min var freq:	0.7
Min avg qual:	15
P-value thresh:	0.01
Reading input from results/variant_calling/aln_trimmomatic_trimmed.mpileup
4641343 bases in pileup file
9 variant positions (6 SNP, 3 indel)
0 were failed by the strand-filter
6 variant positions reported (6 SNP, 0 indel)
